<?xml version="1.0" encoding="UTF-8"?>
<!-- Generated by org.testng.reporters.JUnitXMLReporter -->
<testsuite ignored="0" hostname="PRAVEENREDDYN" failures="0" tests="4" name="Default test" time="5.072" errors="0" timestamp="2024-08-13T09:05:02 IST">
  <testcase classname="demo" name="getUsers" time="2.813"/>
  <testcase classname="demo" name="createUser" time="1.0"/>
  <testcase classname="demo" name="updateUser" time="0.614"/>
  <testcase classname="demo" name="deleteUser" time="0.593"/>
</testsuite> <!-- Default test -->
