<?xml version="1.0" encoding="UTF-8"?>
<testng-results ignored="0" total="4" passed="4" failed="0" skipped="0">
  <reporter-output>
  </reporter-output>
  <suite started-at="2024-08-13T09:04:57 IST" name="Default suite" finished-at="2024-08-13T09:05:02 IST" duration-ms="5072">
    <groups>
    </groups>
    <test started-at="2024-08-13T09:04:57 IST" name="Default test" finished-at="2024-08-13T09:05:02 IST" duration-ms="5072">
      <class name="demo">
        <test-method signature="getUsers()[pri:1, instance:demo@22ef9844]" started-at="2024-08-13T09:04:57 IST" name="getUsers" finished-at="2024-08-13T09:05:00 IST" duration-ms="2813" status="PASS">
          <reporter-output>
          </reporter-output>
        </test-method> <!-- getUsers -->
        <test-method signature="createUser()[pri:2, instance:demo@22ef9844]" started-at="2024-08-13T09:05:00 IST" name="createUser" finished-at="2024-08-13T09:05:01 IST" duration-ms="1000" status="PASS">
          <reporter-output>
          </reporter-output>
        </test-method> <!-- createUser -->
        <test-method signature="updateUser()[pri:3, instance:demo@22ef9844]" started-at="2024-08-13T09:05:01 IST" name="updateUser" finished-at="2024-08-13T09:05:02 IST" depends-on-methods="demo.createUser" duration-ms="614" status="PASS">
          <reporter-output>
          </reporter-output>
        </test-method> <!-- updateUser -->
        <test-method signature="deleteUser()[pri:4, instance:demo@22ef9844]" started-at="2024-08-13T09:05:02 IST" name="deleteUser" finished-at="2024-08-13T09:05:02 IST" duration-ms="593" status="PASS">
          <reporter-output>
          </reporter-output>
        </test-method> <!-- deleteUser -->
      </class> <!-- demo -->
    </test> <!-- Default test -->
  </suite> <!-- Default suite -->
</testng-results>
